\BOOKMARK [1][-]{section.1}{Introduzione}{}% 1
\BOOKMARK [2][-]{subsection.1.1}{Scopo del documento}{section.1}% 2
\BOOKMARK [2][-]{subsection.1.2}{Scopo del prodotto}{section.1}% 3
\BOOKMARK [2][-]{subsection.1.3}{Glossario}{section.1}% 4
\BOOKMARK [2][-]{subsection.1.4}{Riferimenti utili}{section.1}% 5
\BOOKMARK [3][-]{subsubsection.1.4.1}{Riferimenti normativi}{subsection.1.4}% 6
\BOOKMARK [3][-]{subsubsection.1.4.2}{Riferimenti informativi}{subsection.1.4}% 7
\BOOKMARK [1][-]{section.2}{Processi di sviluppo}{}% 8
\BOOKMARK [2][-]{subsection.2.1}{Analisi dei requisiti}{section.2}% 9
\BOOKMARK [3][-]{subsubsection.2.1.1}{Studio di fattibilit\340 e analisi dei rischi}{subsection.2.1}% 10
\BOOKMARK [3][-]{subsubsection.2.1.2}{Analisi dei requisiti}{subsection.2.1}% 11
\BOOKMARK [1][-]{section.3}{Processi di supporto}{}% 12
\BOOKMARK [2][-]{subsection.3.1}{Consigli di utilizzo}{section.3}% 13
\BOOKMARK [3][-]{subsubsection.3.1.1}{Visualizzazione dei Task}{subsection.3.1}% 14
\BOOKMARK [3][-]{subsubsection.3.1.2}{Visualizzazione conversazioni}{subsection.3.1}% 15
\BOOKMARK [1][-]{section.4}{Processi organizzativi}{}% 16
\BOOKMARK [2][-]{subsection.4.1}{Comunicazioni esterne}{section.4}% 17
\BOOKMARK [2][-]{subsection.4.2}{Comunicazioni interne}{section.4}% 18
\BOOKMARK [2][-]{subsection.4.3}{Composizione e-mail e conversazioni}{section.4}% 19
\BOOKMARK [3][-]{subsubsection.4.3.1}{Destinatario}{subsection.4.3}% 20
\BOOKMARK [3][-]{subsubsection.4.3.2}{Mittente}{subsection.4.3}% 21
\BOOKMARK [3][-]{subsubsection.4.3.3}{Oggetto}{subsection.4.3}% 22
\BOOKMARK [3][-]{subsubsection.4.3.4}{Corpo}{subsection.4.3}% 23
\BOOKMARK [3][-]{subsubsection.4.3.5}{Allegati}{subsection.4.3}% 24
\BOOKMARK [2][-]{subsection.4.4}{Riunioni}{section.4}% 25
\BOOKMARK [3][-]{subsubsection.4.4.1}{Frequenza}{subsection.4.4}% 26
\BOOKMARK [3][-]{subsubsection.4.4.2}{Convocazione riunione}{subsection.4.4}% 27
\BOOKMARK [3][-]{subsubsection.4.4.3}{Svolgimento riunione}{subsection.4.4}% 28
\BOOKMARK [3][-]{subsubsection.4.4.4}{Verbale}{subsection.4.4}% 29
