\BOOKMARK [0][-]{chapter*.2}{Diario delle modifiche}{}% 1
\BOOKMARK [0][-]{chapter*.3}{Introduzione}{}% 2
\BOOKMARK [1][-]{section.1.1}{Scopo del documento}{chapter*.3}% 3
\BOOKMARK [1][-]{section.1.2}{Scopo del prodotto}{chapter*.3}% 4
\BOOKMARK [1][-]{section.1.3}{Glossario}{chapter*.3}% 5
\BOOKMARK [1][-]{section.1.4}{Riferimenti}{chapter*.3}% 6
\BOOKMARK [2][-]{subsection.1.4.1}{Informativi}{section.1.4}% 7
\BOOKMARK [0][-]{chapter*.4}{Comunicazioni}{}% 8
\BOOKMARK [0][-]{chapter*.5}{Riunioni}{}% 9
\BOOKMARK [1][-]{section.3.1}{Frequenza}{chapter*.5}% 10
\BOOKMARK [1][-]{section.3.2}{Convocazione riunione}{chapter*.5}% 11
\BOOKMARK [2][-]{subsection.3.2.1}{Interna}{section.3.2}% 12
\BOOKMARK [2][-]{subsection.3.2.2}{Esterna}{section.3.2}% 13
\BOOKMARK [1][-]{section.3.3}{Svolgimento riunione}{chapter*.5}% 14
\BOOKMARK [2][-]{subsection.3.3.1}{Esterna}{section.3.3}% 15
\BOOKMARK [1][-]{section.3.4}{Verbale}{chapter*.5}% 16
\BOOKMARK [2][-]{subsection.3.4.1}{Riunione interna}{section.3.4}% 17
\BOOKMARK [2][-]{subsection.3.4.2}{Riunione esterna}{section.3.4}% 18
\BOOKMARK [0][-]{chapter*.6}{Documenti}{}% 19
\BOOKMARK [0][-]{chapter*.7}{Analisi dei requisiti}{}% 20
\BOOKMARK [0][-]{chapter*.8}{Codifica dei file e documentazione}{}% 21
\BOOKMARK [0][-]{chapter*.9}{Glossario}{}% 22
\BOOKMARK [0][-]{chapter*.10}{Protocollo per lo sviluppo dell'applicazione}{}% 23
\BOOKMARK [0][-]{chapter*.11}{Ambiente di lavoro}{}% 24
\BOOKMARK [0][-]{chapter*.11}{List of Figures}{}% 25
\BOOKMARK [0][-]{chapter*.12}{List of Tables}{}% 26
