\BOOKMARK [1][-]{section.1}{Introduzione}{}% 1
\BOOKMARK [2][-]{subsection.1.1}{Scopo del documento}{section.1}% 2
\BOOKMARK [2][-]{subsection.1.2}{Scopo del prodotto}{section.1}% 3
\BOOKMARK [2][-]{subsection.1.3}{Modello di sviluppo}{section.1}% 4
\BOOKMARK [2][-]{subsection.1.4}{Scadenze}{section.1}% 5
\BOOKMARK [2][-]{subsection.1.5}{Riferimenti}{section.1}% 6
\BOOKMARK [3][-]{subsubsection.1.5.1}{Riferimenti normativi}{subsection.1.5}% 7
\BOOKMARK [3][-]{subsubsection.1.5.2}{Riferimenti informativi}{subsection.1.5}% 8
\BOOKMARK [1][-]{section.2}{Analisi dei Rischi}{}% 9
\BOOKMARK [2][-]{subsection.2.1}{Livello tecnologico}{section.2}% 10
\BOOKMARK [2][-]{subsection.2.2}{Livello personale}{section.2}% 11
\BOOKMARK [2][-]{subsection.2.3}{Livello organizzativo}{section.2}% 12
\BOOKMARK [2][-]{subsection.2.4}{Livello dei requisiti}{section.2}% 13
\BOOKMARK [1][-]{section.3}{Pianificazione}{}% 14
\BOOKMARK [2][-]{subsection.3.1}{Analisi}{section.3}% 15
\BOOKMARK [2][-]{subsection.3.2}{Analisi di dettaglio}{section.3}% 16
\BOOKMARK [2][-]{subsection.3.3}{Progettazione architetturale}{section.3}% 17
\BOOKMARK [2][-]{subsection.3.4}{Progettazione di dettaglio e Codifica}{section.3}% 18
\BOOKMARK [2][-]{subsection.3.5}{Validazione}{section.3}% 19
\BOOKMARK [1][-]{section.4}{Preventivo}{}% 20
\BOOKMARK [2][-]{subsection.4.1}{Prospetto economico}{section.4}% 21
\BOOKMARK [2][-]{subsection.4.2}{Prospetto orario}{section.4}% 22
\BOOKMARK [1][-]{section.5}{Organigramma}{}% 23
\BOOKMARK [2][-]{subsection.5.1}{Redazione}{section.5}% 24
\BOOKMARK [2][-]{subsection.5.2}{Approvazione}{section.5}% 25
\BOOKMARK [2][-]{subsection.5.3}{Accettazione componenti}{section.5}% 26
\BOOKMARK [2][-]{subsection.5.4}{Componenti}{section.5}% 27
\BOOKMARK [2][-]{subsection.5.5}{Definizione ruoli}{section.5}% 28
